<?xml version="1.0" encoding="UTF-8"?>
<robot generator="Robot 7.3.2 (Python 3.12.3 on linux)" generated="2025-11-11T19:35:27.476626" rpa="false" schemaversion="5">
<suite id="s1" name="Tests" source="/home/santersi/Ohjelmistotuotanto/webcounter/src/tests">
<suite id="s1-s1" name="Increment" source="/home/santersi/Ohjelmistotuotanto/webcounter/src/tests/increment.robot">
<kw name="Open And Configure Browser" owner="resource" type="SETUP">
<kw name="Set Selenium Speed" owner="SeleniumLibrary">
<arg>${DELAY}</arg>
<doc>Sets the delay that is waited after each Selenium command.</doc>
<status status="PASS" start="2025-11-11T19:35:27.624070" elapsed="0.000391"/>
</kw>
<kw name="Open Browser" owner="SeleniumLibrary">
<msg time="2025-11-11T19:35:27.624912" level="INFO">Opening browser 'firefox' to base url 'None'.</msg>
<arg>browser=${BROWSER}</arg>
<doc>Opens a new browser instance to the optional ``url``.</doc>
<status status="PASS" start="2025-11-11T19:35:27.624657" elapsed="5.292530"/>
</kw>
<status status="PASS" start="2025-11-11T19:35:27.623257" elapsed="5.294397"/>
</kw>
<test id="s1-s1-t1" name="At start the counter is zero" line="7">
<kw name="Go To" owner="SeleniumLibrary">
<msg time="2025-11-11T19:35:32.920608" level="INFO">Opening url 'http://localhost:5001'</msg>
<arg>${HOME_URL}</arg>
<doc>Navigates the current browser window to the provided ``url``.</doc>
<status status="PASS" start="2025-11-11T19:35:32.919912" elapsed="0.703932"/>
</kw>
<kw name="Title Should Be" owner="SeleniumLibrary">
<msg time="2025-11-11T19:35:34.130453" level="INFO">Page title is 'Laskuri'.</msg>
<arg>Laskuri</arg>
<doc>Verifies that the current page title equals ``title``.</doc>
<status status="PASS" start="2025-11-11T19:35:33.624734" elapsed="0.505919"/>
</kw>
<kw name="Page Should Contain" owner="SeleniumLibrary">
<msg time="2025-11-11T19:35:35.164682" level="INFO">Current page contains text 'nappia painettu 0 kertaa'.</msg>
<arg>nappia painettu 0 kertaa</arg>
<doc>Verifies that current page contains ``text``.</doc>
<status status="PASS" start="2025-11-11T19:35:34.131025" elapsed="1.034056"/>
</kw>
<status status="PASS" start="2025-11-11T19:35:32.917925" elapsed="2.247918"/>
</test>
<test id="s1-s1-t2" name="When button pressed twice the counter is two" line="12">
<kw name="Go To" owner="SeleniumLibrary">
<msg time="2025-11-11T19:35:35.167951" level="INFO">Opening url 'http://localhost:5001'</msg>
<arg>${HOME_URL}</arg>
<doc>Navigates the current browser window to the provided ``url``.</doc>
<status status="PASS" start="2025-11-11T19:35:35.167524" elapsed="0.552461"/>
</kw>
<kw name="Click Button" owner="SeleniumLibrary">
<msg time="2025-11-11T19:35:35.723835" level="INFO">Clicking button 'Paina'.</msg>
<arg>Paina</arg>
<doc>Clicks the button identified by ``locator``.</doc>
<status status="PASS" start="2025-11-11T19:35:35.720773" elapsed="2.129956"/>
</kw>
<kw name="Click Button" owner="SeleniumLibrary">
<msg time="2025-11-11T19:35:37.852178" level="INFO">Clicking button 'Paina'.</msg>
<arg>Paina</arg>
<doc>Clicks the button identified by ``locator``.</doc>
<status status="PASS" start="2025-11-11T19:35:37.851521" elapsed="2.089185"/>
</kw>
<kw name="Page Should Contain" owner="SeleniumLibrary">
<msg time="2025-11-11T19:35:40.956138" level="INFO">Current page contains text 'nappia painettu 2 kertaa'.</msg>
<arg>nappia painettu 2 kertaa</arg>
<doc>Verifies that current page contains ``text``.</doc>
<status status="PASS" start="2025-11-11T19:35:39.941415" elapsed="1.015527"/>
</kw>
<status status="PASS" start="2025-11-11T19:35:35.166602" elapsed="5.791037"/>
</test>
<kw name="Close Browser" owner="SeleniumLibrary" type="TEARDOWN">
<doc>Closes the current browser.</doc>
<status status="PASS" start="2025-11-11T19:35:40.958946" elapsed="3.571364"/>
</kw>
<status status="PASS" start="2025-11-11T19:35:27.501468" elapsed="17.028971"/>
</suite>
<suite id="s1-s2" name="Reset" source="/home/santersi/Ohjelmistotuotanto/webcounter/src/tests/reset.robot">
<kw name="Open And Configure Browser" owner="resource" type="SETUP">
<kw name="Set Selenium Speed" owner="SeleniumLibrary">
<arg>${DELAY}</arg>
<doc>Sets the delay that is waited after each Selenium command.</doc>
<status status="PASS" start="2025-11-11T19:35:44.534154" elapsed="0.000340"/>
</kw>
<kw name="Open Browser" owner="SeleniumLibrary">
<msg time="2025-11-11T19:35:44.534940" level="INFO">Opening browser 'firefox' to base url 'None'.</msg>
<arg>browser=${BROWSER}</arg>
<doc>Opens a new browser instance to the optional ``url``.</doc>
<status status="PASS" start="2025-11-11T19:35:44.534676" elapsed="3.136759"/>
</kw>
<status status="PASS" start="2025-11-11T19:35:44.533876" elapsed="3.137779"/>
</kw>
<test id="s1-s2-t1" name="When counter has a nonzero value and it is reset the value becomes zero" line="7">
<kw name="Go To" owner="SeleniumLibrary">
<msg time="2025-11-11T19:35:47.672807" level="INFO">Opening url 'http://localhost:5001'</msg>
<arg>${HOME_URL}</arg>
<doc>Navigates the current browser window to the provided ``url``.</doc>
<status status="PASS" start="2025-11-11T19:35:47.672515" elapsed="0.606272"/>
</kw>
<kw name="Page Should Contain" owner="SeleniumLibrary">
<msg time="2025-11-11T19:35:49.321915" level="INFO">Current page contains text 'nappia painettu 2 kertaa'.</msg>
<arg>nappia painettu 2 kertaa</arg>
<doc>Verifies that current page contains ``text``.</doc>
<status status="PASS" start="2025-11-11T19:35:48.280114" elapsed="1.042197"/>
</kw>
<kw name="Click Button" owner="SeleniumLibrary">
<msg time="2025-11-11T19:35:49.323812" level="INFO">Clicking button 'Nollaa'.</msg>
<arg>Nollaa</arg>
<doc>Clicks the button identified by ``locator``.</doc>
<status status="PASS" start="2025-11-11T19:35:49.323185" elapsed="2.117469"/>
</kw>
<kw name="Page Should Contain" owner="SeleniumLibrary">
<msg time="2025-11-11T19:35:52.456499" level="INFO">Current page contains text 'nappia painettu 0 kertaa'.</msg>
<arg>nappia painettu 0 kertaa</arg>
<doc>Verifies that current page contains ``text``.</doc>
<status status="PASS" start="2025-11-11T19:35:51.441435" elapsed="1.015495"/>
</kw>
<status status="PASS" start="2025-11-11T19:35:47.671788" elapsed="4.786211"/>
</test>
<kw name="Close Browser" owner="SeleniumLibrary" type="TEARDOWN">
<doc>Closes the current browser.</doc>
<status status="PASS" start="2025-11-11T19:35:52.459179" elapsed="1.484309"/>
</kw>
<status status="PASS" start="2025-11-11T19:35:44.531193" elapsed="9.412457"/>
</suite>
<status status="PASS" start="2025-11-11T19:35:27.477780" elapsed="26.466936"/>
</suite>
<statistics>
<total>
<stat pass="3" fail="0" skip="0">All Tests</stat>
</total>
<tag>
</tag>
<suite>
<stat name="Tests" id="s1" pass="3" fail="0" skip="0">Tests</stat>
<stat name="Increment" id="s1-s1" pass="2" fail="0" skip="0">Tests.Increment</stat>
<stat name="Reset" id="s1-s2" pass="1" fail="0" skip="0">Tests.Reset</stat>
</suite>
</statistics>
<errors>
</errors>
</robot>
